[debug] [2026-06-29T19:14:18.343Z] ----------------------------------------------------------------------
[debug] [2026-06-29T19:14:18.346Z] Command:       C:\Program Files\nodejs\node.exe C:\Users\DELL\AppData\Roaming\npm\node_modules\firebase-tools\lib\bin\firebase.js login:ci
[debug] [2026-06-29T19:14:18.346Z] CLI Version:   15.22.3
[debug] [2026-06-29T19:14:18.346Z] Platform:      win32
[debug] [2026-06-29T19:14:18.346Z] Node Version:  v24.17.0
[debug] [2026-06-29T19:14:18.346Z] Detected Agent: unknown
[debug] [2026-06-29T19:14:18.346Z] Time:          Mon Jun 29 2026 19:14:18 GMT+0000 (Greenwich Mean Time)
[debug] [2026-06-29T19:14:18.346Z] ----------------------------------------------------------------------
[debug] 
[warn] !  Authenticating with a `login:ci` token is deprecated and will be removed in a future major version of `firebase-tools`. Instead, use a service account key with `GOOGLE_APPLICATION_CREDENTIALS`: https://cloud.google.com/docs/authentication/getting-started 
[info] 
[info] Visit this URL on this device to log in:
[info] https://accounts.google.com/o/oauth2/auth?client_id=563584335869-fgrhgmd47bqnekij5i8b5pr03ho849e6.apps.googleusercontent.com&scope=email%20openid%20https%3A%2F%2Fwww.googleapis.com%2Fauth%2Fcloudplatformprojects.readonly%20https%3A%2F%2Fwww.googleapis.com%2Fauth%2Ffirebase%20https%3A%2F%2Fwww.googleapis.com%2Fauth%2Fcloud-platform&response_type=code&state=919567942&redirect_uri=http%3A%2F%2Flocalhost%3A9005
[info] 
[info] Waiting for authentication...
[debug] [2026-06-29T19:14:29.085Z] >>> [apiv2][query] POST https://accounts.google.com/o/oauth2/token [none]
[debug] [2026-06-29T19:14:29.086Z] >>> [apiv2][body] POST https://accounts.google.com/o/oauth2/token [omitted]
[debug] [2026-06-29T19:14:29.512Z] *** [apiv2] retrying https://accounts.google.com/o/oauth2/token without keep-alive after a premature close error
[debug] [2026-06-29T19:14:30.520Z] *** [apiv2] Attempting the request again. Attempt number 2
[debug] [2026-06-29T19:14:30.521Z] >>> [apiv2][query] POST https://accounts.google.com/o/oauth2/token [none]
[debug] [2026-06-29T19:14:30.521Z] >>> [apiv2][body] POST https://accounts.google.com/o/oauth2/token [omitted]
[debug] [2026-06-29T19:14:31.007Z] <<< [apiv2][status] POST https://accounts.google.com/o/oauth2/token 400
[debug] [2026-06-29T19:14:31.008Z] <<< [apiv2][body] POST https://accounts.google.com/o/oauth2/token [omitted]
[debug] [2026-06-29T19:14:31.009Z] Token Fetch Error: FirebaseError: Request to https://accounts.google.com/o/oauth2/token had HTTP Error: 400, invalid_grant
    at responseToError (C:\Users\DELL\AppData\Roaming\npm\node_modules\firebase-tools\lib\responseToError.js:53:12)
    at RetryOperation._fn (C:\Users\DELL\AppData\Roaming\npm\node_modules\firebase-tools\lib\apiv2.js:381:77)
    at process.processTicksAndRejections (node:internal/process/task_queues:104:5)
[error] Authentication Error: Your credentials are no longer valid. Please run firebase login --reauth

For CI servers and headless environments, generate a new token with firebase login:ci
[debug] [2026-06-29T19:14:31.025Z] >>> [apiv2][query] POST https://auth.firebase.tools/attest [none]
[debug] [2026-06-29T19:14:31.026Z] >>> [apiv2][body] POST https://auth.firebase.tools/attest {"session_id":"3656715f-edde-4258-a272-d1d1d97c0044"}
[debug] [2026-06-29T19:14:31.680Z] <<< [apiv2][status] POST https://auth.firebase.tools/attest 200
[debug] [2026-06-29T19:14:31.680Z] <<< [apiv2][body] POST https://auth.firebase.tools/attest {"token":"gyLYYVhmUCsqhVjxM9bGgzSfXGvBjTGAIJDH0JijvbI"}
[info] 
[info] To sign in to the Firebase CLI:
[info] 
[info] 1. Take note of your session ID:
[info] 
[info]    36567
[info] 
[info] 2. Visit the URL below on any device and follow the instructions to get your code:
[info] 
[info]    https://auth.firebase.tools/login?code_challenge=DnKaFLIYeB9Y75HjZLsJRCTWtDzSSgYfHNVvyN2BByg&session=3656715f-edde-4258-a272-d1d1d97c0044&attest=gyLYYVhmUCsqhVjxM9bGgzSfXGvBjTGAIJDH0JijvbI
[info] 
[info] 3. Paste or enter the authorization code below once you have it:
[info] 
